04/03/2012 17:56:20 generic.GenericFrame logger
GRAVE: 08S01
04/03/2012 17:56:20 generic.GenericFrame <init>
GRAVE: Communications link failure

The last packet sent successfully to the server was 0 milliseconds ago. The driver has not received any packets from the server.
com.mysql.jdbc.exceptions.jdbc4.CommunicationsException: Communications link failure

The last packet sent successfully to the server was 0 milliseconds ago. The driver has not received any packets from the server.
	at sun.reflect.NativeConstructorAccessorImpl.newInstance0(Native Method)
	at sun.reflect.NativeConstructorAccessorImpl.newInstance(NativeConstructorAccessorImpl.java:57)
	at sun.reflect.DelegatingConstructorAccessorImpl.newInstance(DelegatingConstructorAccessorImpl.java:45)
	at java.lang.reflect.Constructor.newInstance(Constructor.java:532)
	at com.mysql.jdbc.Util.handleNewInstance(Util.java:409)
	at com.mysql.jdbc.SQLError.createCommunicationsException(SQLError.java:1118)
	at com.mysql.jdbc.MysqlIO.<init>(MysqlIO.java:343)
	at com.mysql.jdbc.ConnectionImpl.connectOneTryOnly(ConnectionImpl.java:2308)
	at com.mysql.jdbc.ConnectionImpl.createNewIO(ConnectionImpl.java:2122)
	at com.mysql.jdbc.ConnectionImpl.<init>(ConnectionImpl.java:774)
	at com.mysql.jdbc.JDBC4Connection.<init>(JDBC4Connection.java:49)
	at sun.reflect.NativeConstructorAccessorImpl.newInstance0(Native Method)
	at sun.reflect.NativeConstructorAccessorImpl.newInstance(NativeConstructorAccessorImpl.java:57)
	at sun.reflect.DelegatingConstructorAccessorImpl.newInstance(DelegatingConstructorAccessorImpl.java:45)
	at java.lang.reflect.Constructor.newInstance(Constructor.java:532)
	at com.mysql.jdbc.Util.handleNewInstance(Util.java:409)
	at com.mysql.jdbc.ConnectionImpl.getInstance(ConnectionImpl.java:375)
	at com.mysql.jdbc.NonRegisteringDriver.connect(NonRegisteringDriver.java:289)
	at java.sql.DriverManager.getConnection(DriverManager.java:620)
	at java.sql.DriverManager.getConnection(DriverManager.java:200)
	at db.Conexion.<init>(Conexion.java:47)
	at generic.GenericFrame.<init>(GenericFrame.java:40)
	at sun.reflect.NativeConstructorAccessorImpl.newInstance0(Native Method)
	at sun.reflect.NativeConstructorAccessorImpl.newInstance(NativeConstructorAccessorImpl.java:57)
	at sun.reflect.DelegatingConstructorAccessorImpl.newInstance(DelegatingConstructorAccessorImpl.java:45)
	at java.lang.reflect.Constructor.newInstance(Constructor.java:532)
	at java.lang.Class.newInstance0(Class.java:372)
	at java.lang.Class.newInstance(Class.java:325)
	at org.netbeans.modules.form.CreationFactory.createDefaultInstance(CreationFactory.java:168)
	at org.netbeans.modules.form.RADComponent.createBeanInstance(RADComponent.java:252)
	at org.netbeans.modules.form.RADComponent.initInstance(RADComponent.java:191)
	at org.netbeans.modules.form.FormModel.setFormBaseClass(FormModel.java:169)
	at org.netbeans.modules.form.GandalfPersistenceManager.loadForm(GandalfPersistenceManager.java:425)
	at org.netbeans.modules.form.GandalfPersistenceManager.loadForm(GandalfPersistenceManager.java:299)
	at org.netbeans.modules.form.FormEditor$3.run(FormEditor.java:337)
	at org.netbeans.modules.form.FormLAF$2.run(FormLAF.java:293)
	at org.openide.util.Mutex.doEventAccess(Mutex.java:1361)
	at org.openide.util.Mutex.readAccess(Mutex.java:320)
	at org.netbeans.modules.form.FormLAF.executeWithLookAndFeel(FormLAF.java:276)
	at org.netbeans.modules.form.FormEditor.loadFormData(FormEditor.java:334)
	at org.netbeans.modules.form.FormEditor.loadFormDesigner(FormEditor.java:232)
	at org.netbeans.modules.form.FormDesigner.finishComponentShowing(FormDesigner.java:1932)
	at org.netbeans.modules.form.FormDesigner.access$1100(FormDesigner.java:107)
	at org.netbeans.modules.form.FormDesigner$PreLoadTask$1.run(FormDesigner.java:1897)
	at java.awt.event.InvocationEvent.dispatch(InvocationEvent.java:226)
	at java.awt.EventQueue.dispatchEventImpl(EventQueue.java:647)
	at java.awt.EventQueue.access$000(EventQueue.java:96)
	at java.awt.EventQueue$1.run(EventQueue.java:608)
	at java.awt.EventQueue$1.run(EventQueue.java:606)
	at java.security.AccessController.doPrivileged(Native Method)
	at java.security.AccessControlContext$1.doIntersectionPrivilege(AccessControlContext.java:105)
	at java.awt.EventQueue.dispatchEvent(EventQueue.java:617)
	at org.netbeans.core.TimableEventQueue.dispatchEvent(TimableEventQueue.java:148)
	at java.awt.EventDispatchThread.pumpOneEventForFilters(EventDispatchThread.java:275)
	at java.awt.EventDispatchThread.pumpEventsForFilter(EventDispatchThread.java:200)
	at java.awt.EventDispatchThread.pumpEventsForHierarchy(EventDispatchThread.java:190)
	at java.awt.EventDispatchThread.pumpEvents(EventDispatchThread.java:185)
	at java.awt.EventDispatchThread.pumpEvents(EventDispatchThread.java:177)
	at java.awt.EventDispatchThread.run(EventDispatchThread.java:138)
Caused by: java.net.ConnectException: Connection refused
	at java.net.PlainSocketImpl.socketConnect(Native Method)
	at java.net.AbstractPlainSocketImpl.doConnect(AbstractPlainSocketImpl.java:327)
	at java.net.AbstractPlainSocketImpl.connectToAddress(AbstractPlainSocketImpl.java:193)
	at java.net.AbstractPlainSocketImpl.connect(AbstractPlainSocketImpl.java:180)
	at java.net.SocksSocketImpl.connect(SocksSocketImpl.java:384)
	at java.net.Socket.connect(Socket.java:546)
	at java.net.Socket.connect(Socket.java:495)
	at java.net.Socket.<init>(Socket.java:392)
	at java.net.Socket.<init>(Socket.java:235)
	at com.mysql.jdbc.StandardSocketFactory.connect(StandardSocketFactory.java:256)
	at com.mysql.jdbc.MysqlIO.<init>(MysqlIO.java:292)
	... 52 more
